c:\users\maree\onedrive\documents\uni stff\games tech\in2026 coursework code\games-tech\vc\engine\debug\engine.pdb
c:\users\maree\onedrive\documents\uni stff\games tech\in2026 coursework code\games-tech\vc\engine\debug\engine.idb
c:\users\maree\onedrive\documents\uni stff\games tech\in2026 coursework code\games-tech\vc\engine\debug\gamedisplay.obj
c:\users\maree\onedrive\documents\uni stff\games tech\in2026 coursework code\games-tech\vc\engine\debug\gameobject.obj
c:\users\maree\onedrive\documents\uni stff\games tech\in2026 coursework code\games-tech\vc\engine\debug\gameobjecttype.obj
c:\users\maree\onedrive\documents\uni stff\games tech\in2026 coursework code\games-tech\vc\engine\debug\gamesession.obj
c:\users\maree\onedrive\documents\uni stff\games tech\in2026 coursework code\games-tech\vc\engine\debug\gamewindow.obj
c:\users\maree\onedrive\documents\uni stff\games tech\in2026 coursework code\games-tech\vc\engine\debug\gameworld.obj
c:\users\maree\onedrive\documents\uni stff\games tech\in2026 coursework code\games-tech\vc\engine\debug\glutsession.obj
c:\users\maree\onedrive\documents\uni stff\games tech\in2026 coursework code\games-tech\vc\engine\debug\glutwindow.obj
c:\users\maree\onedrive\documents\uni stff\games tech\in2026 coursework code\games-tech\vc\engine\debug\glvector.obj
c:\users\maree\onedrive\documents\uni stff\games tech\in2026 coursework code\games-tech\vc\engine\debug\guicomponent.obj
c:\users\maree\onedrive\documents\uni stff\games tech\in2026 coursework code\games-tech\vc\engine\debug\guicontainer.obj
c:\users\maree\onedrive\documents\uni stff\games tech\in2026 coursework code\games-tech\vc\engine\debug\guiicon.obj
c:\users\maree\onedrive\documents\uni stff\games tech\in2026 coursework code\games-tech\vc\engine\debug\guilabel.obj
c:\users\maree\onedrive\documents\uni stff\games tech\in2026 coursework code\games-tech\vc\engine\debug\image.obj
c:\users\maree\onedrive\documents\uni stff\games tech\in2026 coursework code\games-tech\vc\engine\debug\imagemanager.obj
c:\users\maree\onedrive\documents\uni stff\games tech\in2026 coursework code\games-tech\vc\engine\debug\movementcontroller.obj
c:\users\maree\onedrive\documents\uni stff\games tech\in2026 coursework code\games-tech\vc\engine\debug\shape.obj
c:\users\maree\onedrive\documents\uni stff\games tech\in2026 coursework code\games-tech\vc\engine\debug\sprite.obj
c:\users\maree\onedrive\documents\uni stff\games tech\in2026 coursework code\games-tech\vc\engine\debug\texture.obj
c:\users\maree\onedrive\documents\uni stff\games tech\in2026 coursework code\games-tech\vc\engine\debug\texturemanager.obj
c:\users\maree\onedrive\documents\uni stff\games tech\in2026 coursework code\games-tech\vc\engine\debug\animation.obj
c:\users\maree\onedrive\documents\uni stff\games tech\in2026 coursework code\games-tech\vc\engine\debug\animationmanager.obj
c:\users\maree\onedrive\documents\uni stff\games tech\in2026 coursework code\games-tech\lib\engine.lib
c:\users\maree\onedrive\documents\uni stff\games tech\in2026 coursework code\games-tech\vc\asteroids\debug\..\..\..\lib\engine.pdb
c:\users\maree\onedrive\documents\uni stff\games tech\in2026 coursework code\games-tech\vc\asteroids\debug\..\..\..\lib\engine.lib
c:\users\maree\onedrive\documents\uni stff\games tech\in2026 coursework code\games-tech\vc\engine\debug\engine.tlog\cl.command.1.tlog
c:\users\maree\onedrive\documents\uni stff\games tech\in2026 coursework code\games-tech\vc\engine\debug\engine.tlog\cl.read.1.tlog
c:\users\maree\onedrive\documents\uni stff\games tech\in2026 coursework code\games-tech\vc\engine\debug\engine.tlog\cl.write.1.tlog
c:\users\maree\onedrive\documents\uni stff\games tech\in2026 coursework code\games-tech\vc\engine\debug\engine.tlog\lib-link.read.1.tlog
c:\users\maree\onedrive\documents\uni stff\games tech\in2026 coursework code\games-tech\vc\engine\debug\engine.tlog\lib-link.write.1.tlog
c:\users\maree\onedrive\documents\uni stff\games tech\in2026 coursework code\games-tech\vc\engine\debug\engine.tlog\lib.command.1.tlog
